<?xml version="1.0" encoding="UTF-8"?>
<robot generator="Robot 5.0.1 (Python 3.10.4 on win32)" generated="20220601 19:45:16.907" rpa="false" schemaversion="3">
<suite id="s1" name="BlognoneJobApplying" source="C:\Users\prptr\OneDrive\Documents\GitHub\RobotFrameWork_Practice\Tests\BlognoneJob\BlognoneJobApplying.robot">
<test id="s1-t1" name="Applying without login" line="8">
<kw name="Open Browser" library="SeleniumLibrary">
<arg>https://jobs.blognone.com/login?next=https%3A%2F%2Fjobs.blognone.com%2F</arg>
<arg>chrome</arg>
<doc>Opens a new browser instance to the optional ``url``.</doc>
<msg timestamp="20220601 19:45:17.163" level="INFO">Opening browser 'chrome' to base url 'https://jobs.blognone.com/login?next=https%3A%2F%2Fjobs.blognone.com%2F'.</msg>
<status status="PASS" starttime="20220601 19:45:17.162" endtime="20220601 19:45:19.300"/>
</kw>
<kw name="Maximize Browser Window" library="SeleniumLibrary">
<doc>Maximizes current browser window.</doc>
<status status="PASS" starttime="20220601 19:45:19.301" endtime="20220601 19:45:19.424"/>
</kw>
<kw name="Go To" library="SeleniumLibrary">
<arg>https://jobs.blognone.com/company/okkami-inc/job/software-quality-ass-hQwN</arg>
<doc>Navigates the current browser window to the provided ``url``.</doc>
<msg timestamp="20220601 19:45:19.425" level="INFO">Opening url 'https://jobs.blognone.com/company/okkami-inc/job/software-quality-ass-hQwN'</msg>
<status status="PASS" starttime="20220601 19:45:19.425" endtime="20220601 19:45:19.982"/>
</kw>
<kw name="Sleep" library="BuiltIn">
<arg>2</arg>
<doc>Pauses the test executed for the given time.</doc>
<msg timestamp="20220601 19:45:21.984" level="INFO">Slept 2 seconds</msg>
<status status="PASS" starttime="20220601 19:45:19.983" endtime="20220601 19:45:21.984"/>
</kw>
<kw name="Click Button" library="SeleniumLibrary">
<arg>xpath://*[@id="root"]/div/div/div/div[1]/div[2]/button</arg>
<doc>Clicks the button identified by ``locator``.</doc>
<msg timestamp="20220601 19:45:21.985" level="INFO">Clicking button 'xpath://*[@id="root"]/div/div/div/div[1]/div[2]/button'.</msg>
<status status="PASS" starttime="20220601 19:45:21.985" endtime="20220601 19:45:22.116"/>
</kw>
<kw name="Sleep" library="BuiltIn">
<arg>2</arg>
<doc>Pauses the test executed for the given time.</doc>
<msg timestamp="20220601 19:45:24.125" level="INFO">Slept 2 seconds</msg>
<status status="PASS" starttime="20220601 19:45:22.117" endtime="20220601 19:45:24.125"/>
</kw>
<kw name="Page Should Contain" library="SeleniumLibrary">
<arg>Please login before performing that action</arg>
<doc>Verifies that current page contains ``text``.</doc>
<msg timestamp="20220601 19:45:24.143" level="INFO">Current page contains text 'Please login before performing that action'.</msg>
<status status="PASS" starttime="20220601 19:45:24.126" endtime="20220601 19:45:24.143"/>
</kw>
<status status="PASS" starttime="20220601 19:45:17.161" endtime="20220601 19:45:24.143"/>
</test>
<test id="s1-t2" name="Applying with login" line="19">
<kw name="Go To" library="SeleniumLibrary">
<arg>https://jobs.blognone.com/login?next=https%3A%2F%2Fjobs.blognone.com%2F</arg>
<doc>Navigates the current browser window to the provided ``url``.</doc>
<msg timestamp="20220601 19:45:24.147" level="INFO">Opening url 'https://jobs.blognone.com/login?next=https%3A%2F%2Fjobs.blognone.com%2F'</msg>
<status status="PASS" starttime="20220601 19:45:24.146" endtime="20220601 19:45:24.470"/>
</kw>
<kw name="Sleep" library="BuiltIn">
<arg>2</arg>
<doc>Pauses the test executed for the given time.</doc>
<msg timestamp="20220601 19:45:26.485" level="INFO">Slept 2 seconds</msg>
<status status="PASS" starttime="20220601 19:45:24.471" endtime="20220601 19:45:26.485"/>
</kw>
<kw name="Input Text" library="SeleniumLibrary">
<arg>//*[@id="email"]</arg>
<arg>pattri.prp@gmail.com</arg>
<doc>Types the given ``text`` into the text field identified by ``locator``.</doc>
<msg timestamp="20220601 19:45:26.486" level="INFO">Typing text 'pattri.prp@gmail.com' into text field '//*[@id="email"]'.</msg>
<status status="PASS" starttime="20220601 19:45:26.486" endtime="20220601 19:45:26.668"/>
</kw>
<kw name="Input Password" library="SeleniumLibrary">
<arg>//*[@id="password"]</arg>
<arg>1928prptri</arg>
<doc>Types the given password into the text field identified by ``locator``.</doc>
<msg timestamp="20220601 19:45:26.669" level="INFO">Typing password into text field '//*[@id="password"]'.</msg>
<msg timestamp="20220601 19:45:26.711" level="INFO">Temporally setting log level to: NONE</msg>
<msg timestamp="20220601 19:45:26.781" level="INFO">Log level changed from NONE to INFO.</msg>
<status status="PASS" starttime="20220601 19:45:26.668" endtime="20220601 19:45:26.781"/>
</kw>
<kw name="Click Button" library="SeleniumLibrary">
<arg>Login</arg>
<doc>Clicks the button identified by ``locator``.</doc>
<msg timestamp="20220601 19:45:26.782" level="INFO">Clicking button 'Login'.</msg>
<status status="PASS" starttime="20220601 19:45:26.782" endtime="20220601 19:45:26.853"/>
</kw>
<kw name="Sleep" library="BuiltIn">
<arg>2</arg>
<doc>Pauses the test executed for the given time.</doc>
<msg timestamp="20220601 19:45:28.867" level="INFO">Slept 2 seconds</msg>
<status status="PASS" starttime="20220601 19:45:26.854" endtime="20220601 19:45:28.867"/>
</kw>
<kw name="Go To" library="SeleniumLibrary">
<arg>https://jobs.blognone.com/company/okkami-inc/job/software-quality-ass-hQwN</arg>
<doc>Navigates the current browser window to the provided ``url``.</doc>
<msg timestamp="20220601 19:45:28.868" level="INFO">Opening url 'https://jobs.blognone.com/company/okkami-inc/job/software-quality-ass-hQwN'</msg>
<status status="PASS" starttime="20220601 19:45:28.868" endtime="20220601 19:45:29.385"/>
</kw>
<kw name="Click Button" library="SeleniumLibrary">
<arg>xpath://*[@id="root"]/div/div/div/div[1]/div[2]/button</arg>
<doc>Clicks the button identified by ``locator``.</doc>
<msg timestamp="20220601 19:45:29.386" level="INFO">Clicking button 'xpath://*[@id="root"]/div/div/div/div[1]/div[2]/button'.</msg>
<status status="PASS" starttime="20220601 19:45:29.386" endtime="20220601 19:45:29.480"/>
</kw>
<kw name="Sleep" library="BuiltIn">
<arg>2</arg>
<doc>Pauses the test executed for the given time.</doc>
<msg timestamp="20220601 19:45:31.489" level="INFO">Slept 2 seconds</msg>
<status status="PASS" starttime="20220601 19:45:29.481" endtime="20220601 19:45:31.489"/>
</kw>
<kw name="Page Should Contain" library="SeleniumLibrary">
<arg>Application for</arg>
<doc>Verifies that current page contains ``text``.</doc>
<msg timestamp="20220601 19:45:31.508" level="INFO">Current page contains text 'Application for'.</msg>
<status status="PASS" starttime="20220601 19:45:31.491" endtime="20220601 19:45:31.508"/>
</kw>
<kw name="Log" library="BuiltIn">
<arg>Test Completed</arg>
<doc>Logs the given message with the given level.</doc>
<msg timestamp="20220601 19:45:31.509" level="INFO">Test Completed</msg>
<status status="PASS" starttime="20220601 19:45:31.509" endtime="20220601 19:45:31.509"/>
</kw>
<status status="PASS" starttime="20220601 19:45:24.145" endtime="20220601 19:45:31.510"/>
</test>
<test id="s1-t3" name="Editing Upload Profile Test" line="36">
<kw name="Choose File" library="SeleniumLibrary">
<arg>xpath://*[@id="root"]/div/div/form/div[1]/div[3]/div/div[2]/div/div[1]/div[1]/div/input</arg>
<arg>${EXECDIR}/Resources/Files/This is Resume.pdf</arg>
<doc>Inputs the ``file_path`` into the file input field ``locator``.</doc>
<msg timestamp="20220601 19:45:31.513" level="INFO">Sending C:\Users\prptr\OneDrive\Documents\GitHub\RobotFrameWork_Practice\Resources\Files\This is Resume.pdf to browser.</msg>
<status status="PASS" starttime="20220601 19:45:31.513" endtime="20220601 19:45:31.568"/>
</kw>
<kw name="Choose File" library="SeleniumLibrary">
<arg>xpath://*[@id="root"]/div/div/form/div[1]/div[3]/div/div[2]/div/div[1]/div[1]/div/input</arg>
<arg>${EXECDIR}/Resources/Files/This is Transcript.pdf</arg>
<doc>Inputs the ``file_path`` into the file input field ``locator``.</doc>
<msg timestamp="20220601 19:45:31.569" level="INFO">Sending C:\Users\prptr\OneDrive\Documents\GitHub\RobotFrameWork_Practice\Resources\Files\This is Transcript.pdf to browser.</msg>
<status status="PASS" starttime="20220601 19:45:31.568" endtime="20220601 19:45:31.603"/>
</kw>
<kw name="Sleep" library="BuiltIn">
<arg>1</arg>
<doc>Pauses the test executed for the given time.</doc>
<msg timestamp="20220601 19:45:32.606" level="INFO">Slept 1 second</msg>
<status status="PASS" starttime="20220601 19:45:31.604" endtime="20220601 19:45:32.606"/>
</kw>
<kw name="Page Should Contain" library="SeleniumLibrary">
<arg>View Current File</arg>
<doc>Verifies that current page contains ``text``.</doc>
<msg timestamp="20220601 19:45:32.623" level="INFO">Current page contains text 'View Current File'.</msg>
<status status="PASS" starttime="20220601 19:45:32.607" endtime="20220601 19:45:32.623"/>
</kw>
<kw name="Close Browser" library="SeleniumLibrary">
<doc>Closes the current browser.</doc>
<status status="PASS" starttime="20220601 19:45:32.624" endtime="20220601 19:45:34.814"/>
</kw>
<status status="PASS" starttime="20220601 19:45:31.512" endtime="20220601 19:45:34.815"/>
</test>
<doc>Testing the BlognoneJob Applying</doc>
<status status="PASS" starttime="20220601 19:45:16.909" endtime="20220601 19:45:34.818"/>
</suite>
<statistics>
<total>
<stat pass="3" fail="0" skip="0">All Tests</stat>
</total>
<tag>
</tag>
<suite>
<stat pass="3" fail="0" skip="0" id="s1" name="BlognoneJobApplying">BlognoneJobApplying</stat>
</suite>
</statistics>
<errors>
</errors>
</robot>
